<?xml version="1.0" encoding="UTF-8"?>
<!-- Generated by org.testng.reporters.JUnitXMLReporter -->
<testsuite hostname="DESKTOP-K8QA0IJ" ignored="0" name="SecondTest" tests="4" failures="1" timestamp="25 Sep 2018 15:27:44 GMT" time="0.034" errors="0">
  <testcase name="testLogin" time="0.006" classname="com.uiFramework.b">
    <skipped/>
  </testcase> <!-- testLogin -->
  <testcase name="testLogin" time="0.001" classname="com.uiFramework.b">
    <skipped/>
  </testcase> <!-- testLogin -->
  <testcase name="testLogin" time="0.002" classname="com.uiFramework.b">
    <skipped/>
  </testcase> <!-- testLogin -->
  <testcase name="testLogin" time="0.002" classname="com.uiFramework.b">
    <failure type="java.lang.AssertionError" message="expected [true] but found [false]">
      <![CDATA[java.lang.AssertionError: expected [true] but found [false]
at com.uiFramework.b.testLogin(b.java:9)
... Removed 29 stack frames]]>
    </failure>
  </testcase> <!-- testLogin -->
</testsuite> <!-- SecondTest -->
