<?xml version="1.0" encoding="UTF-8"?>
<testsuite xmlns:xsi="http://www.w3.org/2001/XMLSchema-instance" xsi:schemaLocation="https://maven.apache.org/surefire/maven-surefire-plugin/xsd/surefire-test-report.xsd" name="TestSuite" time="132.727" tests="4" errors="0" skipped="1" failures="2">
  <properties>
[...]
</properties>
  <testcase name="loginTest" classname="com.uiFramework.prive.slyaws.testScripts.LoginTestScenarios" time="42.275"/>
  <testcase name="loginTest" classname="com.uiFramework.prive.slyaws.testScripts.LoginTestScenarios" time="20.245">
    <failure message="unknown error: Element &lt;i class=&quot;fa fa-sign-out mat-menu-color&quot;&gt;&lt;/i&gt; is not clickable at point (1199, 30). Other element would receive the click: &lt;div style=&quot;position: absolute; left: 0px; top: 0px; right: 0px; bottom: 0px; z-index: 2147483647; background-color: rgb(255, 255, 255); opacity: 0;&quot;&gt;&lt;/div&gt;&#10;  (Session info: chrome=69.0.3497.100)&#10;  (Driver info: chromedriver=2.37.544315 (730aa6a5fdba159ac9f4c1e8cbc59bf1b5ce12b7),platform=Windows NT 10.0.17134 x86_64) (WARNING: The server did not provide any stacktrace information)&#10;Command duration or timeout: 0 milliseconds&#10;Build info: version: &apos;3.11.0&apos;, revision: &apos;e59cfb3&apos;, time: &apos;2018-03-11T20:26:55.152Z&apos;&#10;System info: host: &apos;DESKTOP-K8QA0IJ&apos;, ip: &apos;192.168.1.246&apos;, os.name: &apos;Windows 10&apos;, os.arch: &apos;amd64&apos;, os.version: &apos;10.0&apos;, java.version: &apos;1.8.0_181&apos;&#10;Driver info: org.openqa.selenium.chrome.ChromeDriver&#10;Capabilities {acceptInsecureCerts: false, acceptSslCerts: false, applicationCacheEnabled: false, browserConnectionEnabled: false, browserName: chrome, chrome: {chromedriverVersion: 2.37.544315 (730aa6a5fdba15..., userDataDir: C:\Users\user\AppData\Local...}, cssSelectorsEnabled: true, databaseEnabled: false, handlesAlerts: true, hasTouchScreen: false, javascriptEnabled: true, locationContextEnabled: true, mobileEmulationEnabled: false, nativeEvents: true, networkConnectionEnabled: false, pageLoadStrategy: normal, platform: XP, platformName: XP, rotatable: false, setWindowRect: true, takesHeapSnapshot: true, takesScreenshot: true, unexpectedAlertBehaviour: , unhandledPromptBehavior: , version: 69.0.3497.100, webStorageEnabled: true}&#10;Session ID: 9f5f1a767efbdf8c8191e59412a2fded" type="org.openqa.selenium.WebDriverException"><![CDATA[org.openqa.selenium.WebDriverException: 
unknown error: Element <i class="fa fa-sign-out mat-menu-color"></i> is not clickable at point (1199, 30). Other element would receive the click: <div style="position: absolute; left: 0px; top: 0px; right: 0px; bottom: 0px; z-index: 2147483647; background-color: rgb(255, 255, 255); opacity: 0;"></div>
  (Session info: chrome=69.0.3497.100)
  (Driver info: chromedriver=2.37.544315 (730aa6a5fdba159ac9f4c1e8cbc59bf1b5ce12b7),platform=Windows NT 10.0.17134 x86_64) (WARNING: The server did not provide any stacktrace information)
Command duration or timeout: 0 milliseconds
Build info: version: '3.11.0', revision: 'e59cfb3', time: '2018-03-11T20:26:55.152Z'
System info: host: 'DESKTOP-K8QA0IJ', ip: '192.168.1.246', os.name: 'Windows 10', os.arch: 'amd64', os.version: '10.0', java.version: '1.8.0_181'
Driver info: org.openqa.selenium.chrome.ChromeDriver
Capabilities {acceptInsecureCerts: false, acceptSslCerts: false, applicationCacheEnabled: false, browserConnectionEnabled: false, browserName: chrome, chrome: {chromedriverVersion: 2.37.544315 (730aa6a5fdba15..., userDataDir: C:\Users\user\AppData\Local...}, cssSelectorsEnabled: true, databaseEnabled: false, handlesAlerts: true, hasTouchScreen: false, javascriptEnabled: true, locationContextEnabled: true, mobileEmulationEnabled: false, nativeEvents: true, networkConnectionEnabled: false, pageLoadStrategy: normal, platform: XP, platformName: XP, rotatable: false, setWindowRect: true, takesHeapSnapshot: true, takesScreenshot: true, unexpectedAlertBehaviour: , unhandledPromptBehavior: , version: 69.0.3497.100, webStorageEnabled: true}
Session ID: 9f5f1a767efbdf8c8191e59412a2fded
	at com.uiFramework.prive.slyaws.testScripts.LoginTestScenarios.loginTest(LoginTestScenarios.java:52)
]]></failure>
    <system-out><![CDATA[2018-10-25 21:04:16 INFO  TestBase:94 - **************loginTestFinished***************
2018-10-25 21:04:16 INFO  TestBase:76 - **************loginTestStarted***************
2018-10-25 21:04:35 INFO  VerificationHelper:22 - element is present and displayed
2018-10-25 21:04:35 INFO  WaitHelper:153 - waiting for :[[ChromeDriver: chrome on XP (9f5f1a767efbdf8c8191e59412a2fded)] -> xpath: //*[@id="gwt-debug-MyMaterialTopBarView-logoutAnchor"]/i] for :8000 seconds
2018-10-25 21:04:36 INFO  WaitHelper:156 - element is visible now
]]></system-out>
  </testcase>
  <testcase name="loginTest" classname="com.uiFramework.prive.slyaws.testScripts.LoginTestScenarios" time="0.146">
    <failure message="unknown error: Element &lt;button type=&quot;button&quot; class=&quot;coloredBtn&quot; id=&quot;gwt-debug-User...View-loginButton&quot;&gt;Login&lt;/button&gt; is not clickable at point (278, 307). Other element would receive the click: &lt;div style=&quot;position: absolute; left: 0px; top: 0px; right: 0px; bottom: 0px; z-index: 2147483647; background-color: rgb(255, 255, 255); opacity: 0;&quot;&gt;&lt;/div&gt;&#10;  (Session info: chrome=69.0.3497.100)&#10;  (Driver info: chromedriver=2.37.544315 (730aa6a5fdba159ac9f4c1e8cbc59bf1b5ce12b7),platform=Windows NT 10.0.17134 x86_64) (WARNING: The server did not provide any stacktrace information)&#10;Command duration or timeout: 0 milliseconds&#10;Build info: version: &apos;3.11.0&apos;, revision: &apos;e59cfb3&apos;, time: &apos;2018-03-11T20:26:55.152Z&apos;&#10;System info: host: &apos;DESKTOP-K8QA0IJ&apos;, ip: &apos;192.168.1.246&apos;, os.name: &apos;Windows 10&apos;, os.arch: &apos;amd64&apos;, os.version: &apos;10.0&apos;, java.version: &apos;1.8.0_181&apos;&#10;Driver info: org.openqa.selenium.chrome.ChromeDriver&#10;Capabilities {acceptInsecureCerts: false, acceptSslCerts: false, applicationCacheEnabled: false, browserConnectionEnabled: false, browserName: chrome, chrome: {chromedriverVersion: 2.37.544315 (730aa6a5fdba15..., userDataDir: C:\Users\user\AppData\Local...}, cssSelectorsEnabled: true, databaseEnabled: false, handlesAlerts: true, hasTouchScreen: false, javascriptEnabled: true, locationContextEnabled: true, mobileEmulationEnabled: false, nativeEvents: true, networkConnectionEnabled: false, pageLoadStrategy: normal, platform: XP, platformName: XP, rotatable: false, setWindowRect: true, takesHeapSnapshot: true, takesScreenshot: true, unexpectedAlertBehaviour: , unhandledPromptBehavior: , version: 69.0.3497.100, webStorageEnabled: true}&#10;Session ID: 9f5f1a767efbdf8c8191e59412a2fded" type="org.openqa.selenium.WebDriverException"><![CDATA[org.openqa.selenium.WebDriverException: 
unknown error: Element <button type="button" class="coloredBtn" id="gwt-debug-User...View-loginButton">Login</button> is not clickable at point (278, 307). Other element would receive the click: <div style="position: absolute; left: 0px; top: 0px; right: 0px; bottom: 0px; z-index: 2147483647; background-color: rgb(255, 255, 255); opacity: 0;"></div>
  (Session info: chrome=69.0.3497.100)
  (Driver info: chromedriver=2.37.544315 (730aa6a5fdba159ac9f4c1e8cbc59bf1b5ce12b7),platform=Windows NT 10.0.17134 x86_64) (WARNING: The server did not provide any stacktrace information)
Command duration or timeout: 0 milliseconds
Build info: version: '3.11.0', revision: 'e59cfb3', time: '2018-03-11T20:26:55.152Z'
System info: host: 'DESKTOP-K8QA0IJ', ip: '192.168.1.246', os.name: 'Windows 10', os.arch: 'amd64', os.version: '10.0', java.version: '1.8.0_181'
Driver info: org.openqa.selenium.chrome.ChromeDriver
Capabilities {acceptInsecureCerts: false, acceptSslCerts: false, applicationCacheEnabled: false, browserConnectionEnabled: false, browserName: chrome, chrome: {chromedriverVersion: 2.37.544315 (730aa6a5fdba15..., userDataDir: C:\Users\user\AppData\Local...}, cssSelectorsEnabled: true, databaseEnabled: false, handlesAlerts: true, hasTouchScreen: false, javascriptEnabled: true, locationContextEnabled: true, mobileEmulationEnabled: false, nativeEvents: true, networkConnectionEnabled: false, pageLoadStrategy: normal, platform: XP, platformName: XP, rotatable: false, setWindowRect: true, takesHeapSnapshot: true, takesScreenshot: true, unexpectedAlertBehaviour: , unhandledPromptBehavior: , version: 69.0.3497.100, webStorageEnabled: true}
Session ID: 9f5f1a767efbdf8c8191e59412a2fded
	at com.uiFramework.prive.slyaws.testScripts.LoginTestScenarios.loginTest(LoginTestScenarios.java:48)
]]></failure>
    <system-out><![CDATA[2018-10-25 21:04:36 INFO  TestBase:94 - **************loginTestFinished***************
2018-10-25 21:04:36 INFO  TestBase:76 - **************loginTestStarted***************
]]></system-out>
  </testcase>
  <testcase name="loginTest" classname="com.uiFramework.prive.slyaws.testScripts.LoginTestScenarios" time="0">
    <skipped message="Run Mode for this set of Data is set to N"/>
    <system-out><![CDATA[2018-10-25 21:04:37 INFO  TestBase:94 - **************loginTestFinished***************
2018-10-25 21:04:37 INFO  TestBase:76 - **************loginTestStarted***************
]]></system-out>
  </testcase>
</testsuite>